[debug] [2025-01-23T02:56:34.474Z] ----------------------------------------------------------------------
[debug] [2025-01-23T02:56:34.479Z] Command:       C:\Program Files\nodejs\node.exe C:\Users\Schwido\AppData\Roaming\npm\node_modules\firebase-tools\lib\bin\firebase.js init
[debug] [2025-01-23T02:56:34.480Z] CLI Version:   13.29.1
[debug] [2025-01-23T02:56:34.480Z] Platform:      win32
[debug] [2025-01-23T02:56:34.480Z] Node Version:  v22.13.1
[debug] [2025-01-23T02:56:34.480Z] Time:          Thu Jan 23 2025 10:56:34 GMT+0800 (China Standard Time)
[debug] [2025-01-23T02:56:34.480Z] ----------------------------------------------------------------------
[debug] 
[debug] [2025-01-23T02:56:34.530Z] > command requires scopes: ["email","openid","https://www.googleapis.com/auth/cloudplatformprojects.readonly","https://www.googleapis.com/auth/firebase","https://www.googleapis.com/auth/cloud-platform"]
[debug] [2025-01-23T02:56:34.530Z] > authorizing via signed-in user (kepton226@gmail.com)
[info] 
     ######## #### ########  ######## ########     ###     ######  ########
     ##        ##  ##     ## ##       ##     ##  ##   ##  ##       ##
     ######    ##  ########  ######   ########  #########  ######  ######
     ##        ##  ##    ##  ##       ##     ## ##     ##       ## ##
     ##       #### ##     ## ######## ########  ##     ##  ######  ########

You're about to initialize a Firebase project in this directory:

  C:\Users\Schwido\Documents\Website\Precipitation\Precipitation

Before we get started, keep in mind:

  * You are initializing within an existing Firebase project directory

[info] 
=== Project Setup
[info] 
[info] First, let's associate this project directory with a Firebase project.
[info] You can create multiple project aliases by running firebase use --add, 
[info] but for now we'll just set up a default project.
[info] 
[debug] [2025-01-23T02:56:55.700Z] Using project from CLI flag: precipitationz
[debug] [2025-01-23T02:56:55.701Z] Checked if tokens are valid: false, expires at: 1737542533380
[debug] [2025-01-23T02:56:55.701Z] Checked if tokens are valid: false, expires at: 1737542533380
[debug] [2025-01-23T02:56:55.701Z] > refreshing access token with scopes: []
[debug] [2025-01-23T02:56:55.702Z] >>> [apiv2][query] POST https://www.googleapis.com/oauth2/v3/token [none]
[debug] [2025-01-23T02:56:55.702Z] >>> [apiv2][body] POST https://www.googleapis.com/oauth2/v3/token [omitted]
[debug] [2025-01-23T02:57:18.619Z] *** [apiv2] error from fetch(https://www.googleapis.com/oauth2/v3/token, {"headers":{},"method":"POST","body":{"_overheadLength":545,"_valueLength":212,"_valuesToMeasure":[],"writable":false,"readable":true,"dataSize":0,"maxDataSize":2097152,"pauseStreams":true,"_released":true,"_streams":[],"_currentStream":null,"_insideLoop":false,"_pendingNext":false,"_boundary":"--------------------------729360809695943403268811","_events":{},"_eventsCount":1}}): FetchError: request to https://www.googleapis.com/oauth2/v3/token failed, reason: 
[error] Authentication Error: Your credentials are no longer valid. Please run firebase login --reauth

For CI servers and headless environments, generate a new token with firebase login:ci
[debug] [2025-01-23T02:57:18.620Z] Authentication Error: Your credentials are no longer valid. Please run firebase login --reauth

For CI servers and headless environments, generate a new token with firebase login:ci
[debug] [2025-01-23T02:57:18.734Z] FirebaseError: Authentication Error: Your credentials are no longer valid. Please run firebase login --reauth

For CI servers and headless environments, generate a new token with firebase login:ci
    at invalidCredentialError (C:\Users\Schwido\AppData\Roaming\npm\node_modules\firebase-tools\lib\auth.js:147:12)
    at refreshTokens (C:\Users\Schwido\AppData\Roaming\npm\node_modules\firebase-tools\lib\auth.js:539:15)
    at process.processTicksAndRejections (node:internal/process/task_queues:105:5)
    at async getAccessToken (C:\Users\Schwido\AppData\Roaming\npm\node_modules\firebase-tools\lib\apiv2.js:42:18)
    at async Client.addAuthHeader (C:\Users\Schwido\AppData\Roaming\npm\node_modules\firebase-tools\lib\apiv2.js:169:21)
    at async Client.request (C:\Users\Schwido\AppData\Roaming\npm\node_modules\firebase-tools\lib\apiv2.js:120:34)
    at async getFirebaseProject (C:\Users\Schwido\AppData\Roaming\npm\node_modules\firebase-tools\lib\management\projects.js:322:21)
    at async doSetup (C:\Users\Schwido\AppData\Roaming\npm\node_modules\firebase-tools\lib\init\features\project.js:86:27)
    at async init (C:\Users\Schwido\AppData\Roaming\npm\node_modules\firebase-tools\lib\init\index.js:41:9)
[error] 
[error] Error: Failed to get Firebase project precipitationz. Please make sure the project exists and your account has permission to access it.
